{"/var/www/html/bl-phonenumber-validator/index.js": {"path":"/var/www/html/bl-phonenumber-validator/index.js","statementMap":{"0":{"start":{"line":3,"column":39},"end":{"line":3,"column":67}},"1":{"start":{"line":10,"column":0},"end":{"line":30,"column":2}},"2":{"start":{"line":11,"column":2},"end":{"line":29,"column":3}},"3":{"start":{"line":12,"column":4},"end":{"line":19,"column":30}},"4":{"start":{"line":21,"column":4},"end":{"line":21,"column":68}},"5":{"start":{"line":22,"column":24},"end":{"line":22,"column":58}},"6":{"start":{"line":24,"column":4},"end":{"line":26,"column":5}},"7":{"start":{"line":25,"column":6},"end":{"line":25,"column":55}},"8":{"start":{"line":28,"column":4},"end":{"line":28,"column":16}},"9":{"start":{"line":37,"column":0},"end":{"line":47,"column":2}},"10":{"start":{"line":38,"column":2},"end":{"line":45,"column":3}},"11":{"start":{"line":39,"column":4},"end":{"line":39,"column":31}},"12":{"start":{"line":40,"column":21},"end":{"line":42,"column":5}},"13":{"start":{"line":43,"column":4},"end":{"line":43,"column":54}},"14":{"start":{"line":43,"column":28},"end":{"line":43,"column":54}},"15":{"start":{"line":44,"column":4},"end":{"line":44,"column":17}},"16":{"start":{"line":46,"column":2},"end":{"line":46,"column":15}},"17":{"start":{"line":54,"column":0},"end":{"line":61,"column":4}},"18":{"start":{"line":55,"column":2},"end":{"line":61,"column":3}},"19":{"start":{"line":57,"column":6},"end":{"line":59,"column":7}},"20":{"start":{"line":58,"column":8},"end":{"line":58,"column":73}},"21":{"start":{"line":68,"column":0},"end":{"line":73,"column":9}},"22":{"start":{"line":69,"column":2},"end":{"line":73,"column":8}},"23":{"start":{"line":70,"column":4},"end":{"line":70,"column":53}},"24":{"start":{"line":71,"column":4},"end":{"line":71,"column":19}},"25":{"start":{"line":72,"column":4},"end":{"line":72,"column":15}},"26":{"start":{"line":80,"column":0},"end":{"line":87,"column":4}},"27":{"start":{"line":81,"column":2},"end":{"line":87,"column":3}},"28":{"start":{"line":83,"column":6},"end":{"line":85,"column":7}},"29":{"start":{"line":84,"column":8},"end":{"line":84,"column":74}},"30":{"start":{"line":93,"column":0},"end":{"line":99,"column":4}},"31":{"start":{"line":94,"column":2},"end":{"line":99,"column":3}},"32":{"start":{"line":97,"column":8},"end":{"line":97,"column":74}},"33":{"start":{"line":97,"column":40},"end":{"line":97,"column":73}},"34":{"start":{"line":106,"column":0},"end":{"line":116,"column":4}},"35":{"start":{"line":107,"column":2},"end":{"line":116,"column":3}},"36":{"start":{"line":109,"column":21},"end":{"line":109,"column":35}},"37":{"start":{"line":111,"column":8},"end":{"line":113,"column":9}},"38":{"start":{"line":112,"column":10},"end":{"line":112,"column":23}},"39":{"start":{"line":114,"column":8},"end":{"line":114,"column":19}},"40":{"start":{"line":122,"column":0},"end":{"line":130,"column":2}},"41":{"start":{"line":123,"column":22},"end":{"line":125,"column":22}},"42":{"start":{"line":126,"column":2},"end":{"line":129,"column":4}}},"fnMap":{"0":{"name":"(anonymous_0)","decl":{"start":{"line":10,"column":21},"end":{"line":10,"column":22}},"loc":{"start":{"line":10,"column":33},"end":{"line":30,"column":1}},"line":10},"1":{"name":"(anonymous_1)","decl":{"start":{"line":37,"column":24},"end":{"line":37,"column":25}},"loc":{"start":{"line":37,"column":36},"end":{"line":47,"column":1}},"line":37},"2":{"name":"(anonymous_2)","decl":{"start":{"line":54,"column":27},"end":{"line":54,"column":28}},"loc":{"start":{"line":55,"column":2},"end":{"line":61,"column":3}},"line":55},"3":{"name":"(anonymous_3)","decl":{"start":{"line":56,"column":23},"end":{"line":56,"column":24}},"loc":{"start":{"line":57,"column":6},"end":{"line":59,"column":7}},"line":57},"4":{"name":"(anonymous_4)","decl":{"start":{"line":57,"column":19},"end":{"line":57,"column":20}},"loc":{"start":{"line":58,"column":8},"end":{"line":58,"column":73}},"line":58},"5":{"name":"(anonymous_5)","decl":{"start":{"line":68,"column":25},"end":{"line":68,"column":26}},"loc":{"start":{"line":69,"column":2},"end":{"line":73,"column":8}},"line":69},"6":{"name":"(anonymous_6)","decl":{"start":{"line":69,"column":21},"end":{"line":69,"column":22}},"loc":{"start":{"line":69,"column":43},"end":{"line":73,"column":3}},"line":69},"7":{"name":"(anonymous_7)","decl":{"start":{"line":80,"column":29},"end":{"line":80,"column":30}},"loc":{"start":{"line":81,"column":2},"end":{"line":87,"column":3}},"line":81},"8":{"name":"(anonymous_8)","decl":{"start":{"line":82,"column":23},"end":{"line":82,"column":24}},"loc":{"start":{"line":83,"column":6},"end":{"line":85,"column":7}},"line":83},"9":{"name":"(anonymous_9)","decl":{"start":{"line":83,"column":19},"end":{"line":83,"column":20}},"loc":{"start":{"line":84,"column":8},"end":{"line":84,"column":74}},"line":84},"10":{"name":"(anonymous_10)","decl":{"start":{"line":93,"column":34},"end":{"line":93,"column":35}},"loc":{"start":{"line":94,"column":2},"end":{"line":99,"column":3}},"line":94},"11":{"name":"(anonymous_11)","decl":{"start":{"line":96,"column":6},"end":{"line":96,"column":7}},"loc":{"start":{"line":97,"column":8},"end":{"line":97,"column":74}},"line":97},"12":{"name":"(anonymous_12)","decl":{"start":{"line":97,"column":33},"end":{"line":97,"column":34}},"loc":{"start":{"line":97,"column":40},"end":{"line":97,"column":73}},"line":97},"13":{"name":"(anonymous_13)","decl":{"start":{"line":106,"column":31},"end":{"line":106,"column":32}},"loc":{"start":{"line":107,"column":2},"end":{"line":116,"column":3}},"line":107},"14":{"name":"(anonymous_14)","decl":{"start":{"line":109,"column":11},"end":{"line":109,"column":12}},"loc":{"start":{"line":109,"column":21},"end":{"line":109,"column":35}},"line":109},"15":{"name":"(anonymous_15)","decl":{"start":{"line":110,"column":14},"end":{"line":110,"column":15}},"loc":{"start":{"line":110,"column":41},"end":{"line":115,"column":7}},"line":110},"16":{"name":"(anonymous_16)","decl":{"start":{"line":122,"column":20},"end":{"line":122,"column":21}},"loc":{"start":{"line":122,"column":32},"end":{"line":130,"column":1}},"line":122}},"branchMap":{"0":{"loc":{"start":{"line":21,"column":13},"end":{"line":21,"column":67}},"type":"cond-expr","locations":[{"start":{"line":21,"column":46},"end":{"line":21,"column":52}},{"start":{"line":21,"column":55},"end":{"line":21,"column":67}}],"line":21},"1":{"loc":{"start":{"line":24,"column":4},"end":{"line":26,"column":5}},"type":"if","locations":[{"start":{"line":24,"column":4},"end":{"line":26,"column":5}},{"start":{"line":24,"column":4},"end":{"line":26,"column":5}}],"line":24},"2":{"loc":{"start":{"line":38,"column":2},"end":{"line":45,"column":3}},"type":"if","locations":[{"start":{"line":38,"column":2},"end":{"line":45,"column":3}},{"start":{"line":38,"column":2},"end":{"line":45,"column":3}}],"line":38},"3":{"loc":{"start":{"line":41,"column":6},"end":{"line":41,"column":49}},"type":"cond-expr","locations":[{"start":{"line":41,"column":28},"end":{"line":41,"column":34}},{"start":{"line":41,"column":37},"end":{"line":41,"column":49}}],"line":41},"4":{"loc":{"start":{"line":43,"column":4},"end":{"line":43,"column":54}},"type":"if","locations":[{"start":{"line":43,"column":4},"end":{"line":43,"column":54}},{"start":{"line":43,"column":4},"end":{"line":43,"column":54}}],"line":43},"5":{"loc":{"start":{"line":58,"column":8},"end":{"line":58,"column":73}},"type":"cond-expr","locations":[{"start":{"line":58,"column":61},"end":{"line":58,"column":66}},{"start":{"line":58,"column":69},"end":{"line":58,"column":73}}],"line":58},"6":{"loc":{"start":{"line":84,"column":8},"end":{"line":84,"column":74}},"type":"cond-expr","locations":[{"start":{"line":84,"column":62},"end":{"line":84,"column":67}},{"start":{"line":84,"column":70},"end":{"line":84,"column":74}}],"line":84},"7":{"loc":{"start":{"line":111,"column":8},"end":{"line":113,"column":9}},"type":"if","locations":[{"start":{"line":111,"column":8},"end":{"line":113,"column":9}},{"start":{"line":111,"column":8},"end":{"line":113,"column":9}}],"line":111},"8":{"loc":{"start":{"line":111,"column":12},"end":{"line":111,"column":56}},"type":"binary-expr","locations":[{"start":{"line":111,"column":12},"end":{"line":111,"column":33}},{"start":{"line":111,"column":37},"end":{"line":111,"column":56}}],"line":111},"9":{"loc":{"start":{"line":124,"column":4},"end":{"line":124,"column":58}},"type":"cond-expr","locations":[{"start":{"line":124,"column":37},"end":{"line":124,"column":43}},{"start":{"line":124,"column":46},"end":{"line":124,"column":58}}],"line":124}},"s":{"0":1,"1":1,"2":2,"3":2,"4":2,"5":2,"6":2,"7":2,"8":0,"9":1,"10":2,"11":1,"12":1,"13":1,"14":1,"15":0,"16":1,"17":1,"18":0,"19":0,"20":0,"21":1,"22":0,"23":0,"24":0,"25":0,"26":1,"27":0,"28":0,"29":0,"30":1,"31":0,"32":0,"33":0,"34":1,"35":0,"36":0,"37":0,"38":0,"39":0,"40":1,"41":1,"42":1},"f":{"0":2,"1":2,"2":0,"3":0,"4":0,"5":0,"6":0,"7":0,"8":0,"9":0,"10":0,"11":0,"12":0,"13":0,"14":0,"15":0,"16":1},"b":{"0":[0,2],"1":[2,0],"2":[1,1],"3":[0,1],"4":[1,0],"5":[0,0],"6":[0,0],"7":[0,0],"8":[0,0],"9":[0,1]},"_coverageSchema":"1a1c01bbd47fc00a2c39e90264f33305004495a9","hash":"929a45bd9b4f50c715933fc6e19d30ef1f4ba098"}
}
