TN:
SF:index.js
FN:10,(anonymous_0)
FN:37,(anonymous_1)
FN:54,(anonymous_2)
FN:56,(anonymous_3)
FN:57,(anonymous_4)
FN:68,(anonymous_5)
FN:69,(anonymous_6)
FN:80,(anonymous_7)
FN:82,(anonymous_8)
FN:83,(anonymous_9)
FN:93,(anonymous_10)
FN:96,(anonymous_11)
FN:97,(anonymous_12)
FN:106,(anonymous_13)
FN:109,(anonymous_14)
FN:110,(anonymous_15)
FN:122,(anonymous_16)
FNF:17
FNH:3
FNDA:2,(anonymous_0)
FNDA:2,(anonymous_1)
FNDA:0,(anonymous_2)
FNDA:0,(anonymous_3)
FNDA:0,(anonymous_4)
FNDA:0,(anonymous_5)
FNDA:0,(anonymous_6)
FNDA:0,(anonymous_7)
FNDA:0,(anonymous_8)
FNDA:0,(anonymous_9)
FNDA:0,(anonymous_10)
FNDA:0,(anonymous_11)
FNDA:0,(anonymous_12)
FNDA:0,(anonymous_13)
FNDA:0,(anonymous_14)
FNDA:0,(anonymous_15)
FNDA:1,(anonymous_16)
DA:3,1
DA:10,1
DA:11,2
DA:12,2
DA:21,2
DA:22,2
DA:24,2
DA:25,2
DA:28,0
DA:37,1
DA:38,2
DA:39,1
DA:40,1
DA:43,1
DA:44,0
DA:46,1
DA:54,1
DA:55,0
DA:57,0
DA:58,0
DA:68,1
DA:69,0
DA:70,0
DA:71,0
DA:72,0
DA:80,1
DA:81,0
DA:83,0
DA:84,0
DA:93,1
DA:94,0
DA:97,0
DA:106,1
DA:107,0
DA:109,0
DA:111,0
DA:112,0
DA:114,0
DA:122,1
DA:123,1
DA:126,1
LF:41
LH:22
BRDA:21,0,0,0
BRDA:21,0,1,2
BRDA:24,1,0,2
BRDA:24,1,1,0
BRDA:38,2,0,1
BRDA:38,2,1,1
BRDA:41,3,0,0
BRDA:41,3,1,1
BRDA:43,4,0,1
BRDA:43,4,1,0
BRDA:58,5,0,0
BRDA:58,5,1,0
BRDA:84,6,0,0
BRDA:84,6,1,0
BRDA:111,7,0,0
BRDA:111,7,1,0
BRDA:111,8,0,0
BRDA:111,8,1,0
BRDA:124,9,0,0
BRDA:124,9,1,1
BRF:20
BRH:7
end_of_record
